{"level":"info","message":"11/3/2023 - /api/users - POST"}
{"level":"info","message":"11/3/2023 - /api/users - POST"}
{"level":"info","message":"11/3/2023 - /api/users - POST"}
{"level":"info","message":"11/3/2023 - /api/users - POST"}
{"level":"info","message":"11/3/2023 - /api/users - POST"}
{"level":"info","message":"11/3/2023 - /api/users - POST"}
{"level":"info","message":"11/3/2023 - /api/users - POST"}
{"level":"info","message":"11/3/2023 - /api/users - POST"}
{"level":"info","message":"11/3/2023 - /api/users - POST"}
{"level":"info","message":"11/3/2023 - /api/users - POST"}
{"level":"info","message":"11/3/2023 - /api/users/ - POST"}
{"level":"info","message":"11/3/2023 - /api/users/ - POST"}
{"level":"info","message":"11/3/2023 - /api/users/ - POST"}
{"level":"info","message":"11/3/2023 - /api/users/ - POST"}
{"level":"info","message":"11/3/2023 - /api/users/ - POST"}
{"level":"info","message":"11/3/2023 - /api/users/ - POST"}
{"level":"info","message":"11/3/2023 - /api/users/ - POST"}
{"level":"info","message":"11/3/2023 - /api/users/ - POST"}
{"level":"info","message":"11/3/2023 - /api/users/ - POST"}
{"level":"info","message":"11/3/2023 - /api/users/ - POST"}
{"level":"info","message":"11/3/2023 - /api/users/ - POST"}
{"level":"info","message":"11/3/2023 - /api/users/ - POST"}
{"level":"info","message":"11/3/2023 - /api/users/ - POST"}
{"level":"info","message":"11/3/2023 - /api/users - GET"}
{"level":"info","message":"11/3/2023 - /api/users - GET"}
{"level":"info","message":"11/3/2023 - /api/users - GET"}
{"level":"info","message":"11/3/2023 - /api/users - GET"}
{"level":"info","message":"11/3/2023 - /api/users - GET"}
{"level":"info","message":"11/3/2023 - /api/users - GET"}
{"level":"info","message":"11/3/2023 - /api/users - GET"}
{"level":"info","message":"11/3/2023 - /api/users - GET"}
{"level":"info","message":"11/3/2023 - /api/users - GET"}
{"level":"info","message":"11/3/2023 - /api/users - GET"}
{"level":"info","message":"11/3/2023 - /api/users - GET"}
{"level":"info","message":"11/3/2023 - /api/users - GET"}
{"level":"info","message":"11/3/2023 - /api/users - GET"}
{"level":"info","message":"11/3/2023 - /api/users - GET"}
{"level":"info","message":"11/3/2023 - /api/users - GET"}
{"level":"info","message":"11/3/2023 - /api/users - GET"}
{"level":"info","message":"11/3/2023 - /api/users - GET"}
{"level":"info","message":"11/3/2023 - /api/users - GET"}
{"level":"info","message":"11/3/2023 - /api/users/ - POST"}
{"level":"info","message":"11/3/2023 - /api/users - GET"}
{"level":"info","message":"11/3/2023 - /api/users - GET"}
{"level":"info","message":"11/3/2023 - /api/users - GET"}
{"level":"info","message":"11/3/2023 - /api/users - GET"}
{"level":"info","message":"11/3/2023 - /api/users - GET"}
{"level":"info","message":"11/3/2023 - /api/users - GET"}
{"level":"info","message":"11/3/2023 - /api/users - GET"}
{"level":"info","message":"11/3/2023 - /api/users - GET"}
{"level":"info","message":"11/3/2023 - /api/users/ - POST"}
{"level":"info","message":"11/3/2023 - /api/users - GET"}
{"level":"info","message":"11/3/2023 - /api/users - GET"}
{"level":"info","message":"11/3/2023 - /api/users - GET"}
{"level":"info","message":"11/3/2023 - /api/users - GET"}
{"level":"info","message":"11/3/2023 - /api/users/ - POST"}
{"level":"info","message":"11/3/2023 - /api/users - GET"}
{"level":"info","message":"11/3/2023 - /api/users - GET"}
{"level":"info","message":"11/3/2023 - /api/users - GET"}
{"level":"info","message":"11/3/2023 - /api/users - GET"}
{"level":"info","message":"11/3/2023 - /api/users - GET"}
{"level":"info","message":"11/3/2023 - /api/users - GET"}
{"level":"info","message":"11/3/2023 - /api/users - GET"}
{"level":"info","message":"11/3/2023 - /api/users - GET"}
{"level":"info","message":"11/3/2023 - /api/users/ - POST"}
{"level":"info","message":"11/3/2023 - /api/users - GET"}
{"level":"info","message":"11/4/2023 - /api/users - GET"}
{"level":"info","message":"11/4/2023 - /favicon.ico - GET"}
{"level":"info","message":"11/4/2023 - /api/users - GET"}
{"level":"info","message":"11/4/2023 - /api/users - GET"}
{"level":"info","message":"11/4/2023 - /api/users/ - POST"}
{"level":"info","message":"11/4/2023 - /api/users - GET"}
{"level":"info","message":"11/4/2023 - /api/users/ - POST"}
{"level":"info","message":"11/4/2023 - /api/users - GET"}
{"level":"info","message":"11/4/2023 - /api/users/ - POST"}
{"level":"info","message":"11/4/2023 - /api/users - GET"}
{"level":"info","message":"11/4/2023 - /api/users/ - GET"}
{"level":"info","message":"11/4/2023 - /api/users - GET"}
{"level":"info","message":"11/4/2023 - /api/users - GET"}
{"level":"info","message":"11/4/2023 - /api/users/ - POST"}
{"level":"info","message":"11/4/2023 - /api/users - GET"}
{"level":"info","message":"11/4/2023 - / - GET"}
{"level":"info","message":"11/4/2023 - / - GET"}
{"level":"info","message":"11/4/2023 - /api/users - GET"}
{"level":"info","message":"11/4/2023 - /api/users - GET"}
{"level":"info","message":"11/4/2023 - /api/users - GET"}
{"level":"info","message":"11/4/2023 - /favicon.ico - GET"}
{"level":"info","message":"11/4/2023 - /api/users - GET"}
{"level":"info","message":"11/4/2023 - /api/users - GET"}
{"level":"info","message":"11/4/2023 - /api/users - GET"}
{"level":"info","message":"11/4/2023 - /api/users - GET"}
{"level":"info","message":"11/5/2023 - /api/users - GET"}
{"level":"info","message":"11/5/2023 - /api/users - GET"}
{"level":"info","message":"11/5/2023 - /api/users - GET"}
{"level":"info","message":"11/5/2023 - /api/users - GET"}
{"level":"info","message":"11/5/2023 - /api/users - GET"}
{"level":"info","message":"11/5/2023 - /api/users - GET"}
{"level":"info","message":"11/5/2023 - / - GET"}
{"level":"info","message":"11/5/2023 - / - GET"}
{"level":"info","message":"11/5/2023 - /api/users - GET"}
{"level":"info","message":"11/5/2023 - /favicon.ico - GET"}
{"level":"info","message":"11/5/2023 - /api/users/ - POST"}
{"level":"info","message":"11/5/2023 - /api/users - GET"}
{"level":"info","message":"11/5/2023 - /api/users/ - POST"}
{"level":"info","message":"11/5/2023 - /api/users - GET"}
{"level":"info","message":"11/5/2023 - /api/users - GET"}
{"level":"info","message":"11/5/2023 - /api/users - GET"}
{"level":"info","message":"11/5/2023 - /api/users - GET"}
{"level":"info","message":"11/5/2023 - /api/users/ - POST"}
{"level":"info","message":"11/5/2023 - /api/users - GET"}
{"level":"info","message":"11/5/2023 - /api/users - GET"}
{"level":"info","message":"11/5/2023 - /api/users - GET"}
{"level":"info","message":"11/5/2023 - /api/users - GET"}
{"level":"info","message":"11/5/2023 - /api/users - GET"}
{"level":"info","message":"11/5/2023 - /api/users - GET"}
{"level":"info","message":"11/5/2023 - / - GET"}
{"level":"info","message":"11/5/2023 - /api/users - GET"}
{"level":"info","message":"11/5/2023 - /api/users - GET"}
{"level":"info","message":"11/5/2023 - /api/users - GET"}
{"level":"info","message":"11/5/2023 - /api/users - GET"}
{"level":"info","message":"11/5/2023 - /api/users - GET"}
{"level":"info","message":"11/5/2023 - /api/users/ - POST"}
{"level":"info","message":"11/5/2023 - /api/users - GET"}
{"level":"info","message":"11/6/2023 - / - GET"}
{"level":"info","message":"11/6/2023 - /api/users - GET"}
{"level":"info","message":"11/6/2023 - /favicon.ico - GET"}
{"level":"info","message":"11/6/2023 - /api/users - GET"}
{"level":"info","message":"11/6/2023 - /api/users - GET"}
{"level":"info","message":"11/6/2023 - /api/users - GET"}
{"level":"info","message":"11/6/2023 - /api/users - GET"}
{"level":"info","message":"11/6/2023 - /api/users - GET"}
{"level":"info","message":"11/6/2023 - /api/users - GET"}
{"level":"info","message":"11/6/2023 - /api/users - GET"}
{"level":"info","message":"11/6/2023 - /api/users - GET"}
{"level":"info","message":"11/6/2023 - /api/users - GET"}
{"level":"info","message":"11/6/2023 - /api/users - GET"}
{"level":"info","message":"11/6/2023 - /api/users - GET"}
{"level":"info","message":"11/6/2023 - /api/users - GET"}
{"level":"info","message":"11/6/2023 - /api/users - GET"}
{"level":"info","message":"11/6/2023 - /api/users - GET"}
{"level":"info","message":"11/6/2023 - /api/users - GET"}
{"level":"info","message":"11/6/2023 - /api/users - GET"}
{"level":"info","message":"11/6/2023 - /api/users - GET"}
{"level":"info","message":"11/6/2023 - /api/users - GET"}
{"level":"info","message":"11/6/2023 - /api/users - GET"}
{"level":"info","message":"11/6/2023 - /api/users - GET"}
{"level":"info","message":"11/6/2023 - /api/users - GET"}
{"level":"info","message":"11/6/2023 - /api/users - GET"}
{"level":"info","message":"11/6/2023 - /api/users - GET"}
{"level":"info","message":"11/6/2023 - /api/users - GET"}
{"level":"info","message":"11/6/2023 - /api/users - GET"}
{"level":"info","message":"11/6/2023 - /api/users - GET"}
{"level":"info","message":"11/6/2023 - /api/users - GET"}
{"level":"info","message":"11/6/2023 - /api/users/ - POST"}
{"level":"info","message":"11/6/2023 - /api/users - GET"}
{"level":"info","message":"11/6/2023 - /api/users - GET"}
{"level":"info","message":"11/6/2023 - /api/users/ - POST"}
{"level":"info","message":"11/6/2023 - /api/users - GET"}
{"level":"info","message":"11/6/2023 - /api/users - GET"}
{"level":"info","message":"11/6/2023 - /api/users - GET"}
{"level":"info","message":"11/6/2023 - /api/users/dc3ee427-0e8d-4366-9cab-adff28a7f6f8 - PUT"}
{"level":"info","message":"11/6/2023 - /api/users - GET"}
{"level":"info","message":"11/6/2023 - /api/users/891a3267-ec4e-41a1-a9ab-aae741ef3faa - PUT"}
{"level":"info","message":"11/6/2023 - /api/users - GET"}
{"level":"info","message":"11/6/2023 - /api/users - GET"}
{"level":"info","message":"11/6/2023 - /api/users - GET"}
